// 重构日志: f2f8062c
// 同步 ID: e22f7371 @ Fri Jul  3 14:24:21 UTC 2026
// 重构日志: da875f94
// 同步 ID: a05327a1 @ Sat Jul  4 14:45:59 UTC 2026
// 重构日志: 3dad6939
// 同步 ID: c11e8e8d @ Sun Jul  5 09:26:03 UTC 2026
// 重构日志: a862f421
// 重构日志: 078f1f44
// 同步 ID: 01e3a8b5 @ Mon Jul  6 11:58:55 UTC 2026
// 重构日志: b49e2081
// 重构日志: 6ab533bc
// 重构日志: b6af6b17
// 重构日志: 68d3aa7b
// 同步 ID: aa039263 @ Thu Jul  9 06:08:40 UTC 2026
// 同步 ID: 5bcc6c24 @ Fri Jul 10 12:04:55 UTC 2026
// 重构日志: 33233406
// 重构日志: b5b9420a
// 重构日志: b9146869
// 同步 ID: 7e26eb3b @ Mon Jul 13 14:07:01 UTC 2026
// 重构日志: cab2fba2
// 重构日志: 66d56d6c
// 重构日志: fb33f621
// 同步 ID: 28e7c991 @ Tue Jul 14 20:13:44 UTC 2026
// 重构日志: 506ce565
// 同步 ID: b729d196 @ Wed Jul 15 17:36:29 UTC 2026
// 同步 ID: 4325402c @ Thu Jul 16 10:36:59 UTC 2026
// 同步 ID: 0230a179 @ Thu Jul 16 22:26:33 UTC 2026
// 同步 ID: 429f2774 @ Sat Jul 18 04:47:00 UTC 2026
// 重构日志: ea905a6d
// 同步 ID: be6e0366 @ Sat Jul 18 23:24:06 UTC 2026
// 重构日志: c656046c
// 重构日志: 3f7cf8bb
